#
# A fatal error has been detected by the Java Runtime Environment:
#
#  EXCEPTION_ACCESS_VIOLATION (0xc0000005) at pc=0x00007ff9a41e5770, pid=4972, tid=12928
#
# JRE version: Java(TM) SE Runtime Environment 18.9 (11.0.14+8) (build 11.0.14+8-LTS-263)
# Java VM: Java HotSpot(TM) 64-Bit Server VM 18.9 (11.0.14+8-LTS-263, mixed mode, tiered, compressed oops, g1 gc, windows-amd64)
# Problematic frame:
# V  [jvm.dll+0x125770]
#
# No core dump will be written. Minidumps are not enabled by default on client versions of Windows
#
# If you would like to submit a bug report, please visit:
#   https://bugreport.java.com/bugreport/crash.jsp
#

---------------  S U M M A R Y ------------

Command Line: -agentlib:jdwp=transport=dt_socket,address=127.0.0.1:61884,suspend=y,server=n -javaagent:C:\Users\andre\AppData\Local\JetBrains\IdeaIC2022.1\captureAgent\debugger-agent.jar -Dfile.encoding=UTF-8 com.proyecto.vtb.vtaskback.VTaskBackApplication

Host: Intel(R) Core(TM) i7-8700 CPU @ 3.20GHz, 12 cores, 13G,  Windows 10 , 64 bit Build 19041 (10.0.19041.1706)
Time: Mon May 23 16:12:43 2022 SA Pacific Standard Time elapsed time: 3.273731 seconds (0d 0h 0m 3s)

---------------  T H R E A D  ---------------

Current thread (0x00000194e6ab5000):  JavaThread "C1 CompilerThread0" daemon [_thread_in_native, id=12928, stack(0x0000000c87e00000,0x0000000c87f00000)]


Current CompileTask:
C1:   3273 4303       3       java.beans.Introspector::addMethod (196 bytes)

Stack: [0x0000000c87e00000,0x0000000c87f00000],  sp=0x0000000c87efea40,  free space=1018k
Native frames: (J=compiled Java code, j=interpreted, Vv=VM code, C=native code)
V  [jvm.dll+0x125770]
V  [jvm.dll+0x1239bf]
V  [jvm.dll+0x122d44]
V  [jvm.dll+0x11ca8c]
V  [jvm.dll+0x12c98a]
V  [jvm.dll+0x117dd9]
V  [jvm.dll+0x118140]
V  [jvm.dll+0x1183ff]
V  [jvm.dll+0x1176a4]
V  [jvm.dll+0x119577]
V  [jvm.dll+0x206e26]
V  [jvm.dll+0x204fbb]
V  [jvm.dll+0x729170]
V  [jvm.dll+0x721d44]
V  [jvm.dll+0x6285d6]
C  [ucrtbase.dll+0x21bb2]
C  [KERNEL32.DLL+0x17034]
C  [ntdll.dll+0x52651]


siginfo: EXCEPTION_ACCESS_VIOLATION (0xc0000005), reading address 0x0000000c000002d7


Register to memory mapping:

RIP=0x00007ff9a41e5770 jvm.dll
RAX=0x0000000c000002af is an unknown value
RBX=0x00000194e7b79aa6 points into unknown readable memory: 34 87
RCX=0x00000194e7cdeef0 points into unknown readable memory: 0x0000000000000002 | 02 00 00 00 00 00 00 00
RDX=0x00000194ec7d55f0 points into unknown readable memory: 0x00000194eb86e6b0 | b0 e6 86 eb 94 01 00 00
RSP=0x0000000c87efea40 is pointing into the stack for thread: 0x00000194e6ab5000
RBP=0x0 is NULL
RSI=0x0000000c87efed00 is pointing into the stack for thread: 0x00000194e6ab5000
RDI=0x00000194e7cdeef0 points into unknown readable memory: 0x0000000000000002 | 02 00 00 00 00 00 00 00
R8 =0x0 is NULL
R9 =0x0000000000000001 is an unknown value
R10=0x0 is NULL
R11={method} {0x00000194ea7870e8} '<init>' '(Ljava/beans/MethodDescriptor;Ljava/beans/MethodDescriptor;)V' in 'java/beans/MethodDescriptor'
R12=0x00000194eb870cd0 points into unknown readable memory: 0x00007ff9a48f6de8 | e8 6d 8f a4 f9 7f 00 00
R13=0x0 is NULL
R14=0x00000194ec7d5ba0 points into unknown readable memory: 0x00000194eb86e6b0 | b0 e6 86 eb 94 01 00 00
R15=0x0000000000000005 is an unknown value


Registers:
RAX=0x0000000c000002af, RBX=0x00000194e7b79aa6, RCX=0x00000194e7cdeef0, RDX=0x00000194ec7d55f0
RSP=0x0000000c87efea40, RBP=0x0000000000000000, RSI=0x0000000c87efed00, RDI=0x00000194e7cdeef0
R8 =0x0000000000000000, R9 =0x0000000000000001, R10=0x0000000000000000, R11=0x00000194ea7870e0
R12=0x00000194eb870cd0, R13=0x0000000000000000, R14=0x00000194ec7d5ba0, R15=0x0000000000000005
RIP=0x00007ff9a41e5770, EFLAGS=0x0000000000010246

Top of Stack: (sp=0x0000000c87efea40)
0x0000000c87efea40:   00000194e7b79aa6 0000000c87efed00
0x0000000c87efea50:   0000000000000000 0000000000000000
0x0000000c87efea60:   00000194ec7d55f0 00007ff9a41ea23a
0x0000000c87efea70:   0000000000000000 0000000000000008
0x0000000c87efea80:   0000000000000000 0000000000000034
0x0000000c87efea90:   0000000000000000 00007ff9a41e39bf
0x0000000c87efeaa0:   00000194e7b79aa6 0000000c87efeb10
0x0000000c87efeab0:   0000000c87efed00 0000000000000000
0x0000000c87efeac0:   00000194e7b76720 00000194e7b76670
0x0000000c87efead0:   00000194e7b79aa6 0000000000000000
0x0000000c87efeae0:   0000000000000000 00000194e7b799f0
0x0000000c87efeaf0:   00000194e7b79ab4 00000194e7b79aa7
0x0000000c87efeb00:   0000003400000034 0000000000000000
0x0000000c87efeb10:   ffffffffffffffff 0000000000000000
0x0000000c87efeb20:   0000000000000000 0000000000000000
0x0000000c87efeb30:   00000194eb870910 00000194ec7d4be0 

Instructions: (pc=0x00007ff9a41e5770)
0x00007ff9a41e5750:   56 50 4e 8b 64 c9 f8 48 63 4a 38 8d 41 ff 89 42
0x00007ff9a41e5760:   38 48 8b 42 50 48 8b 7c c8 f8 48 8b cf 48 8b 07
0x00007ff9a41e5770:   ff 50 28 48 85 c0 74 13 48 8b 07 48 8b cf ff 50
0x00007ff9a41e5780:   28 48 8b 48 70 40 38 69 2c 75 49 48 8b 07 48 8b 


Stack slot to memory mapping:
stack at sp + 0 slots: 0x00000194e7b79aa6 points into unknown readable memory: 34 87
stack at sp + 1 slots: 0x0000000c87efed00 is pointing into the stack for thread: 0x00000194e6ab5000
stack at sp + 2 slots: 0x0 is NULL
stack at sp + 3 slots: 0x0 is NULL
stack at sp + 4 slots: 0x00000194ec7d55f0 points into unknown readable memory: 0x00000194eb86e6b0 | b0 e6 86 eb 94 01 00 00
stack at sp + 5 slots: 0x00007ff9a41ea23a jvm.dll
stack at sp + 6 slots: 0x0 is NULL
stack at sp + 7 slots: 0x0000000000000008 is an unknown value


---------------  P R O C E S S  ---------------

Threads class SMR info:
_java_thread_list=0x00000194eecc94d0, length=29, elements={
0x00000194c43ce800, 0x00000194e61a3000, 0x00000194e61ac800, 0x00000194e61be000,
0x00000194e6aa8800, 0x00000194e6aac800, 0x00000194e6ab0000, 0x00000194e6ab5000,
0x00000194e6ab6800, 0x00000194e6c29800, 0x00000194e6c48800, 0x00000194e6ced800,
0x00000194e6d89000, 0x00000194e6d89800, 0x00000194e7697800, 0x00000194e7b5b000,
0x00000194e7d23800, 0x00000194eb580000, 0x00000194e9e7c000, 0x00000194ec478000,
0x00000194eb162000, 0x00000194eaec0800, 0x00000194e9fd6800, 0x00000194ea308800,
0x00000194eae0b800, 0x00000194eccb3800, 0x00000194ecfdc000, 0x00000194ecfd9800,
0x00000194ecfd7800
}

Java Threads: ( => current thread )
  0x00000194c43ce800 JavaThread "main" [_thread_blocked, id=7164, stack(0x0000000c87100000,0x0000000c87200000)]
  0x00000194e61a3000 JavaThread "Reference Handler" daemon [_thread_blocked, id=7376, stack(0x0000000c87800000,0x0000000c87900000)]
  0x00000194e61ac800 JavaThread "Finalizer" daemon [_thread_blocked, id=14080, stack(0x0000000c87900000,0x0000000c87a00000)]
  0x00000194e61be000 JavaThread "Signal Dispatcher" daemon [_thread_blocked, id=13292, stack(0x0000000c87a00000,0x0000000c87b00000)]
  0x00000194e6aa8800 JavaThread "Attach Listener" daemon [_thread_blocked, id=10596, stack(0x0000000c87b00000,0x0000000c87c00000)]
  0x00000194e6aac800 JavaThread "Service Thread" daemon [_thread_blocked, id=3712, stack(0x0000000c87c00000,0x0000000c87d00000)]
  0x00000194e6ab0000 JavaThread "C2 CompilerThread0" daemon [_thread_in_native, id=12732, stack(0x0000000c87d00000,0x0000000c87e00000)]
=>0x00000194e6ab5000 JavaThread "C1 CompilerThread0" daemon [_thread_in_native, id=12928, stack(0x0000000c87e00000,0x0000000c87f00000)]
  0x00000194e6ab6800 JavaThread "Sweeper thread" daemon [_thread_blocked, id=15248, stack(0x0000000c87f00000,0x0000000c88000000)]
  0x00000194e6c29800 JavaThread "Common-Cleaner" daemon [_thread_blocked, id=3144, stack(0x0000000c88000000,0x0000000c88100000)]
  0x00000194e6c48800 JavaThread "C2 CompilerThread1" daemon [_thread_in_native, id=12780, stack(0x0000000c88100000,0x0000000c88200000)]
  0x00000194e6ced800 JavaThread "JDWP Transport Listener: dt_socket" daemon [_thread_blocked, id=11616, stack(0x0000000c88200000,0x0000000c88300000)]
  0x00000194e6d89000 JavaThread "JDWP Event Helper Thread" daemon [_thread_blocked, id=14544, stack(0x0000000c88300000,0x0000000c88400000)]
  0x00000194e6d89800 JavaThread "JDWP Command Reader" daemon [_thread_in_native, id=1668, stack(0x0000000c88400000,0x0000000c88500000)]
  0x00000194e7697800 JavaThread "C2 CompilerThread2" daemon [_thread_in_native, id=3384, stack(0x0000000c88600000,0x0000000c88700000)]
  0x00000194e7b5b000 JavaThread "Thread-0" [_thread_blocked, id=3720, stack(0x0000000c88b00000,0x0000000c88c00000)]
  0x00000194e7d23800 JavaThread "restartedMain" [_thread_in_vm, id=6240, stack(0x0000000c88c00000,0x0000000c88d00000)]
  0x00000194eb580000 JavaThread "Catalina-utility-1" [_thread_blocked, id=2608, stack(0x0000000c88d00000,0x0000000c88e00000)]
  0x00000194e9e7c000 JavaThread "Catalina-utility-2" [_thread_blocked, id=14904, stack(0x0000000c89300000,0x0000000c89400000)]
  0x00000194ec478000 JavaThread "container-0" [_thread_blocked, id=9092, stack(0x0000000c89400000,0x0000000c89500000)]
  0x00000194eb162000 JavaThread "Thread-4" daemon [_thread_in_native, id=12152, stack(0x0000000c89500000,0x0000000c89600000)]
  0x00000194eaec0800 JavaThread "cluster-ClusterId{value='628bf8cb46503f72587becdd', description='null'}-srv-authdb.0mtus.mongodb.net" daemon [_thread_blocked, id=13916, stack(0x0000000c89600000,0x0000000c89700000)]
  0x00000194e9fd6800 JavaThread "Live Reload Server" daemon [_thread_in_native, id=13480, stack(0x0000000c89800000,0x0000000c89900000)]
  0x00000194ea308800 JavaThread "cluster-ClusterId{value='628bf8cb46503f72587becdd', description='null'}-authdb-shard-00-01.0mtus.mongodb.net:27017" daemon [_thread_blocked, id=14924, stack(0x0000000c89700000,0x0000000c89800000)]
  0x00000194eae0b800 JavaThread "cluster-rtt-ClusterId{value='628bf8cb46503f72587becdd', description='null'}-authdb-shard-00-01.0mtus.mongodb.net:27017" daemon [_thread_blocked, id=10572, stack(0x0000000c89900000,0x0000000c89a00000)]
  0x00000194eccb3800 JavaThread "cluster-ClusterId{value='628bf8cb46503f72587becdd', description='null'}-authdb-shard-00-00.0mtus.mongodb.net:27017" daemon [_thread_blocked, id=14452, stack(0x0000000c89a00000,0x0000000c89b00000)]
  0x00000194ecfdc000 JavaThread "cluster-rtt-ClusterId{value='628bf8cb46503f72587becdd', description='null'}-authdb-shard-00-00.0mtus.mongodb.net:27017" daemon [_thread_blocked, id=14928, stack(0x0000000c89b00000,0x0000000c89c00000)]
  0x00000194ecfd9800 JavaThread "cluster-ClusterId{value='628bf8cb46503f72587becdd', description='null'}-authdb-shard-00-02.0mtus.mongodb.net:27017" daemon [_thread_in_native, id=15336, stack(0x0000000c89c00000,0x0000000c89d00000)]
  0x00000194ecfd7800 JavaThread "cluster-rtt-ClusterId{value='628bf8cb46503f72587becdd', description='null'}-authdb-shard-00-02.0mtus.mongodb.net:27017" daemon [_thread_blocked, id=9664, stack(0x0000000c89d00000,0x0000000c89e00000)]

Other Threads:
  0x00000194e61a1800 VMThread "VM Thread" [stack: 0x0000000c87700000,0x0000000c87800000] [id=7420]
  0x00000194e6cd2000 WatcherThread [stack: 0x0000000c88500000,0x0000000c88600000] [id=5856]
  0x00000194c43e3000 GCTaskThread "GC Thread#0" [stack: 0x0000000c87200000,0x0000000c87300000] [id=8872]
  0x00000194e779c000 GCTaskThread "GC Thread#1" [stack: 0x0000000c88700000,0x0000000c88800000] [id=3052]
  0x00000194e779c800 GCTaskThread "GC Thread#2" [stack: 0x0000000c88800000,0x0000000c88900000] [id=13608]
  0x00000194e7a62000 GCTaskThread "GC Thread#3" [stack: 0x0000000c88900000,0x0000000c88a00000] [id=9180]
  0x00000194e7758000 GCTaskThread "GC Thread#4" [stack: 0x0000000c88a00000,0x0000000c88b00000] [id=12384]
  0x00000194e8198000 GCTaskThread "GC Thread#5" [stack: 0x0000000c88e00000,0x0000000c88f00000] [id=7240]
  0x00000194e852e000 GCTaskThread "GC Thread#6" [stack: 0x0000000c88f00000,0x0000000c89000000] [id=12552]
  0x00000194e7ee2800 GCTaskThread "GC Thread#7" [stack: 0x0000000c89000000,0x0000000c89100000] [id=14700]
  0x00000194c4435800 ConcurrentGCThread "G1 Main Marker" [stack: 0x0000000c87300000,0x0000000c87400000] [id=9876]
  0x00000194c4436800 ConcurrentGCThread "G1 Conc#0" [stack: 0x0000000c87400000,0x0000000c87500000] [id=15212]
  0x00000194e7f9b800 ConcurrentGCThread "G1 Conc#1" [stack: 0x0000000c89100000,0x0000000c89200000] [id=12064]
  0x00000194e75ad800 ConcurrentGCThread "G1 Conc#2" [stack: 0x0000000c89200000,0x0000000c89300000] [id=9880]
  0x00000194e6087800 ConcurrentGCThread "G1 Refine#0" [stack: 0x0000000c87500000,0x0000000c87600000] [id=1508]
  0x00000194e608b000 ConcurrentGCThread "G1 Young RemSet Sampling" [stack: 0x0000000c87600000,0x0000000c87700000] [id=15256]

Threads with active compile tasks:
C2 CompilerThread0   3347 4297       4       org.springframework.beans.factory.support.AbstractBeanFactory::isTypeMatch (607 bytes)
C1 CompilerThread0   3348 4303       3       java.beans.Introspector::addMethod (196 bytes)
C2 CompilerThread1   3348 4364       4       org.springframework.core.ResolvableType::hasGenerics (14 bytes)
C2 CompilerThread2   3348 4359   !   4       jdk.internal.loader.BuiltinClassLoader::findClassOnClassPathOrNull (64 bytes)

VM state:not at safepoint (normal execution)

VM Mutex/Monitor currently owned by a thread: None

Heap address: 0x0000000720e00000, size: 3570 MB, Compressed Oops mode: Zero based, Oop shift amount: 3
Narrow klass base: 0x0000000800000000, Narrow klass shift: 0
Compressed class space size: 1073741824 Address: 0x0000000800000000

Heap:
 garbage-first heap   total 229376K, used 119978K [0x0000000720e00000, 0x0000000800000000)
  region size 1024K, 112 young (114688K), 8 survivors (8192K)
 Metaspace       used 48566K, capacity 50050K, committed 50128K, reserved 1093632K
  class space    used 5885K, capacity 6490K, committed 6528K, reserved 1048576K
Heap Regions: E=young(eden), S=young(survivor), O=old, HS=humongous(starts), HC=humongous(continues), CS=collection set, F=free, A=archive, TAMS=top-at-mark-start (previous, next)
|   0|0x0000000720e00000, 0x0000000720f00000, 0x0000000720f00000|100%| O|  |TAMS 0x0000000720f00000, 0x0000000720e00000| Untracked 
|   1|0x0000000720f00000, 0x0000000721000000, 0x0000000721000000|100%| O|  |TAMS 0x0000000721000000, 0x0000000720f00000| Untracked 
|   2|0x0000000721000000, 0x0000000721100000, 0x0000000721100000|100%| O|  |TAMS 0x0000000721100000, 0x0000000721000000| Untracked 
|   3|0x0000000721100000, 0x0000000721200000, 0x0000000721200000|100%| O|  |TAMS 0x0000000721200000, 0x0000000721100000| Untracked 
|   4|0x0000000721200000, 0x0000000721300000, 0x0000000721300000|100%| O|  |TAMS 0x0000000721300000, 0x0000000721200000| Untracked 
|   5|0x0000000721300000, 0x0000000721400000, 0x0000000721400000|100%| O|  |TAMS 0x0000000721400000, 0x0000000721300000| Untracked 
|   6|0x0000000721400000, 0x000000072145e600, 0x0000000721500000| 36%| O|  |TAMS 0x000000072145e600, 0x0000000721400000| Untracked 
|   7|0x0000000721500000, 0x0000000721600000, 0x0000000721600000|100%|HS|  |TAMS 0x0000000721500000, 0x0000000721500000| Complete 
|   8|0x0000000721600000, 0x0000000721600000, 0x0000000721700000|  0%| F|  |TAMS 0x0000000721600000, 0x0000000721600000| Untracked 
|   9|0x0000000721700000, 0x0000000721700000, 0x0000000721800000|  0%| F|  |TAMS 0x0000000721700000, 0x0000000721700000| Untracked 
|  10|0x0000000721800000, 0x0000000721800000, 0x0000000721900000|  0%| F|  |TAMS 0x0000000721800000, 0x0000000721800000| Untracked 
|  11|0x0000000721900000, 0x0000000721900000, 0x0000000721a00000|  0%| F|  |TAMS 0x0000000721900000, 0x0000000721900000| Untracked 
|  12|0x0000000721a00000, 0x0000000721a00000, 0x0000000721b00000|  0%| F|  |TAMS 0x0000000721a00000, 0x0000000721a00000| Untracked 
|  13|0x0000000721b00000, 0x0000000721b00000, 0x0000000721c00000|  0%| F|  |TAMS 0x0000000721b00000, 0x0000000721b00000| Untracked 
|  14|0x0000000721c00000, 0x0000000721c00000, 0x0000000721d00000|  0%| F|  |TAMS 0x0000000721c00000, 0x0000000721c00000| Untracked 
|  15|0x0000000721d00000, 0x0000000721d00000, 0x0000000721e00000|  0%| F|  |TAMS 0x0000000721d00000, 0x0000000721d00000| Untracked 
|  16|0x0000000721e00000, 0x0000000721e00000, 0x0000000721f00000|  0%| F|  |TAMS 0x0000000721e00000, 0x0000000721e00000| Untracked 
|  17|0x0000000721f00000, 0x0000000721f00000, 0x0000000722000000|  0%| F|  |TAMS 0x0000000721f00000, 0x0000000721f00000| Untracked 
|  18|0x0000000722000000, 0x0000000722000000, 0x0000000722100000|  0%| F|  |TAMS 0x0000000722000000, 0x0000000722000000| Untracked 
|  19|0x0000000722100000, 0x0000000722100000, 0x0000000722200000|  0%| F|  |TAMS 0x0000000722100000, 0x0000000722100000| Untracked 
|  20|0x0000000722200000, 0x0000000722200000, 0x0000000722300000|  0%| F|  |TAMS 0x0000000722200000, 0x0000000722200000| Untracked 
|  21|0x0000000722300000, 0x0000000722300000, 0x0000000722400000|  0%| F|  |TAMS 0x0000000722300000, 0x0000000722300000| Untracked 
|  22|0x0000000722400000, 0x0000000722400000, 0x0000000722500000|  0%| F|  |TAMS 0x0000000722400000, 0x0000000722400000| Untracked 
|  23|0x0000000722500000, 0x0000000722500000, 0x0000000722600000|  0%| F|  |TAMS 0x0000000722500000, 0x0000000722500000| Untracked 
|  24|0x0000000722600000, 0x0000000722600000, 0x0000000722700000|  0%| F|  |TAMS 0x0000000722600000, 0x0000000722600000| Untracked 
|  25|0x0000000722700000, 0x0000000722700000, 0x0000000722800000|  0%| F|  |TAMS 0x0000000722700000, 0x0000000722700000| Untracked 
|  26|0x0000000722800000, 0x0000000722800000, 0x0000000722900000|  0%| F|  |TAMS 0x0000000722800000, 0x0000000722800000| Untracked 
|  27|0x0000000722900000, 0x0000000722900000, 0x0000000722a00000|  0%| F|  |TAMS 0x0000000722900000, 0x0000000722900000| Untracked 
|  28|0x0000000722a00000, 0x0000000722a00000, 0x0000000722b00000|  0%| F|  |TAMS 0x0000000722a00000, 0x0000000722a00000| Untracked 
|  29|0x0000000722b00000, 0x0000000722b00000, 0x0000000722c00000|  0%| F|  |TAMS 0x0000000722b00000, 0x0000000722b00000| Untracked 
|  30|0x0000000722c00000, 0x0000000722c00000, 0x0000000722d00000|  0%| F|  |TAMS 0x0000000722c00000, 0x0000000722c00000| Untracked 
|  31|0x0000000722d00000, 0x0000000722d00000, 0x0000000722e00000|  0%| F|  |TAMS 0x0000000722d00000, 0x0000000722d00000| Untracked 
|  32|0x0000000722e00000, 0x0000000722e00000, 0x0000000722f00000|  0%| F|  |TAMS 0x0000000722e00000, 0x0000000722e00000| Untracked 
|  33|0x0000000722f00000, 0x0000000722f00000, 0x0000000723000000|  0%| F|  |TAMS 0x0000000722f00000, 0x0000000722f00000| Untracked 
|  34|0x0000000723000000, 0x0000000723000000, 0x0000000723100000|  0%| F|  |TAMS 0x0000000723000000, 0x0000000723000000| Untracked 
|  35|0x0000000723100000, 0x0000000723100000, 0x0000000723200000|  0%| F|  |TAMS 0x0000000723100000, 0x0000000723100000| Untracked 
|  36|0x0000000723200000, 0x0000000723200000, 0x0000000723300000|  0%| F|  |TAMS 0x0000000723200000, 0x0000000723200000| Untracked 
|  37|0x0000000723300000, 0x0000000723300000, 0x0000000723400000|  0%| F|  |TAMS 0x0000000723300000, 0x0000000723300000| Untracked 
|  38|0x0000000723400000, 0x0000000723400000, 0x0000000723500000|  0%| F|  |TAMS 0x0000000723400000, 0x0000000723400000| Untracked 
|  39|0x0000000723500000, 0x0000000723500000, 0x0000000723600000|  0%| F|  |TAMS 0x0000000723500000, 0x0000000723500000| Untracked 
|  40|0x0000000723600000, 0x0000000723600000, 0x0000000723700000|  0%| F|  |TAMS 0x0000000723600000, 0x0000000723600000| Untracked 
|  41|0x0000000723700000, 0x0000000723700000, 0x0000000723800000|  0%| F|  |TAMS 0x0000000723700000, 0x0000000723700000| Untracked 
|  42|0x0000000723800000, 0x0000000723800000, 0x0000000723900000|  0%| F|  |TAMS 0x0000000723800000, 0x0000000723800000| Untracked 
|  43|0x0000000723900000, 0x0000000723900000, 0x0000000723a00000|  0%| F|  |TAMS 0x0000000723900000, 0x0000000723900000| Untracked 
|  44|0x0000000723a00000, 0x0000000723a00000, 0x0000000723b00000|  0%| F|  |TAMS 0x0000000723a00000, 0x0000000723a00000| Untracked 
|  45|0x0000000723b00000, 0x0000000723b00000, 0x0000000723c00000|  0%| F|  |TAMS 0x0000000723b00000, 0x0000000723b00000| Untracked 
|  46|0x0000000723c00000, 0x0000000723c00000, 0x0000000723d00000|  0%| F|  |TAMS 0x0000000723c00000, 0x0000000723c00000| Untracked 
|  47|0x0000000723d00000, 0x0000000723d00000, 0x0000000723e00000|  0%| F|  |TAMS 0x0000000723d00000, 0x0000000723d00000| Untracked 
|  48|0x0000000723e00000, 0x0000000723e00000, 0x0000000723f00000|  0%| F|  |TAMS 0x0000000723e00000, 0x0000000723e00000| Untracked 
|  49|0x0000000723f00000, 0x0000000723f00000, 0x0000000724000000|  0%| F|  |TAMS 0x0000000723f00000, 0x0000000723f00000| Untracked 
|  50|0x0000000724000000, 0x0000000724000000, 0x0000000724100000|  0%| F|  |TAMS 0x0000000724000000, 0x0000000724000000| Untracked 
|  51|0x0000000724100000, 0x0000000724100000, 0x0000000724200000|  0%| F|  |TAMS 0x0000000724100000, 0x0000000724100000| Untracked 
|  52|0x0000000724200000, 0x0000000724200000, 0x0000000724300000|  0%| F|  |TAMS 0x0000000724200000, 0x0000000724200000| Untracked 
|  53|0x0000000724300000, 0x0000000724300000, 0x0000000724400000|  0%| F|  |TAMS 0x0000000724300000, 0x0000000724300000| Untracked 
|  54|0x0000000724400000, 0x0000000724400000, 0x0000000724500000|  0%| F|  |TAMS 0x0000000724400000, 0x0000000724400000| Untracked 
|  55|0x0000000724500000, 0x0000000724500000, 0x0000000724600000|  0%| F|  |TAMS 0x0000000724500000, 0x0000000724500000| Untracked 
|  56|0x0000000724600000, 0x0000000724600000, 0x0000000724700000|  0%| F|  |TAMS 0x0000000724600000, 0x0000000724600000| Untracked 
|  57|0x0000000724700000, 0x0000000724700000, 0x0000000724800000|  0%| F|  |TAMS 0x0000000724700000, 0x0000000724700000| Untracked 
|  58|0x0000000724800000, 0x0000000724800000, 0x0000000724900000|  0%| F|  |TAMS 0x0000000724800000, 0x0000000724800000| Untracked 
|  59|0x0000000724900000, 0x0000000724900000, 0x0000000724a00000|  0%| F|  |TAMS 0x0000000724900000, 0x0000000724900000| Untracked 
|  60|0x0000000724a00000, 0x0000000724a00000, 0x0000000724b00000|  0%| F|  |TAMS 0x0000000724a00000, 0x0000000724a00000| Untracked 
|  61|0x0000000724b00000, 0x0000000724b00000, 0x0000000724c00000|  0%| F|  |TAMS 0x0000000724b00000, 0x0000000724b00000| Untracked 
|  62|0x0000000724c00000, 0x0000000724c00000, 0x0000000724d00000|  0%| F|  |TAMS 0x0000000724c00000, 0x0000000724c00000| Untracked 
|  63|0x0000000724d00000, 0x0000000724d00000, 0x0000000724e00000|  0%| F|  |TAMS 0x0000000724d00000, 0x0000000724d00000| Untracked 
|  64|0x0000000724e00000, 0x0000000724e00000, 0x0000000724f00000|  0%| F|  |TAMS 0x0000000724e00000, 0x0000000724e00000| Untracked 
|  65|0x0000000724f00000, 0x0000000724f00000, 0x0000000725000000|  0%| F|  |TAMS 0x0000000724f00000, 0x0000000724f00000| Untracked 
|  66|0x0000000725000000, 0x0000000725000000, 0x0000000725100000|  0%| F|  |TAMS 0x0000000725000000, 0x0000000725000000| Untracked 
|  67|0x0000000725100000, 0x0000000725100000, 0x0000000725200000|  0%| F|  |TAMS 0x0000000725100000, 0x0000000725100000| Untracked 
|  68|0x0000000725200000, 0x0000000725200000, 0x0000000725300000|  0%| F|  |TAMS 0x0000000725200000, 0x0000000725200000| Untracked 
|  69|0x0000000725300000, 0x0000000725300000, 0x0000000725400000|  0%| F|  |TAMS 0x0000000725300000, 0x0000000725300000| Untracked 
|  70|0x0000000725400000, 0x0000000725400000, 0x0000000725500000|  0%| F|  |TAMS 0x0000000725400000, 0x0000000725400000| Untracked 
|  71|0x0000000725500000, 0x0000000725500000, 0x0000000725600000|  0%| F|  |TAMS 0x0000000725500000, 0x0000000725500000| Untracked 
|  72|0x0000000725600000, 0x0000000725600000, 0x0000000725700000|  0%| F|  |TAMS 0x0000000725600000, 0x0000000725600000| Untracked 
|  73|0x0000000725700000, 0x0000000725700000, 0x0000000725800000|  0%| F|  |TAMS 0x0000000725700000, 0x0000000725700000| Untracked 
|  74|0x0000000725800000, 0x0000000725800000, 0x0000000725900000|  0%| F|  |TAMS 0x0000000725800000, 0x0000000725800000| Untracked 
|  75|0x0000000725900000, 0x0000000725900000, 0x0000000725a00000|  0%| F|  |TAMS 0x0000000725900000, 0x0000000725900000| Untracked 
|  76|0x0000000725a00000, 0x0000000725a00000, 0x0000000725b00000|  0%| F|  |TAMS 0x0000000725a00000, 0x0000000725a00000| Untracked 
|  77|0x0000000725b00000, 0x0000000725b00000, 0x0000000725c00000|  0%| F|  |TAMS 0x0000000725b00000, 0x0000000725b00000| Untracked 
|  78|0x0000000725c00000, 0x0000000725c00000, 0x0000000725d00000|  0%| F|  |TAMS 0x0000000725c00000, 0x0000000725c00000| Untracked 
|  79|0x0000000725d00000, 0x0000000725d00000, 0x0000000725e00000|  0%| F|  |TAMS 0x0000000725d00000, 0x0000000725d00000| Untracked 
|  80|0x0000000725e00000, 0x0000000725e00000, 0x0000000725f00000|  0%| F|  |TAMS 0x0000000725e00000, 0x0000000725e00000| Untracked 
|  81|0x0000000725f00000, 0x0000000725f00000, 0x0000000726000000|  0%| F|  |TAMS 0x0000000725f00000, 0x0000000725f00000| Untracked 
|  82|0x0000000726000000, 0x0000000726000000, 0x0000000726100000|  0%| F|  |TAMS 0x0000000726000000, 0x0000000726000000| Untracked 
|  83|0x0000000726100000, 0x0000000726100000, 0x0000000726200000|  0%| F|  |TAMS 0x0000000726100000, 0x0000000726100000| Untracked 
|  84|0x0000000726200000, 0x0000000726200000, 0x0000000726300000|  0%| F|  |TAMS 0x0000000726200000, 0x0000000726200000| Untracked 
|  85|0x0000000726300000, 0x0000000726300000, 0x0000000726400000|  0%| F|  |TAMS 0x0000000726300000, 0x0000000726300000| Untracked 
|  86|0x0000000726400000, 0x0000000726400000, 0x0000000726500000|  0%| F|  |TAMS 0x0000000726400000, 0x0000000726400000| Untracked 
|  87|0x0000000726500000, 0x0000000726500000, 0x0000000726600000|  0%| F|  |TAMS 0x0000000726500000, 0x0000000726500000| Untracked 
|  88|0x0000000726600000, 0x0000000726600000, 0x0000000726700000|  0%| F|  |TAMS 0x0000000726600000, 0x0000000726600000| Untracked 
|  89|0x0000000726700000, 0x0000000726700000, 0x0000000726800000|  0%| F|  |TAMS 0x0000000726700000, 0x0000000726700000| Untracked 
|  90|0x0000000726800000, 0x0000000726800000, 0x0000000726900000|  0%| F|  |TAMS 0x0000000726800000, 0x0000000726800000| Untracked 
|  91|0x0000000726900000, 0x0000000726900000, 0x0000000726a00000|  0%| F|  |TAMS 0x0000000726900000, 0x0000000726900000| Untracked 
|  92|0x0000000726a00000, 0x0000000726a00000, 0x0000000726b00000|  0%| F|  |TAMS 0x0000000726a00000, 0x0000000726a00000| Untracked 
|  93|0x0000000726b00000, 0x0000000726b00000, 0x0000000726c00000|  0%| F|  |TAMS 0x0000000726b00000, 0x0000000726b00000| Untracked 
|  94|0x0000000726c00000, 0x0000000726c00000, 0x0000000726d00000|  0%| F|  |TAMS 0x0000000726c00000, 0x0000000726c00000| Untracked 
|  95|0x0000000726d00000, 0x0000000726d00000, 0x0000000726e00000|  0%| F|  |TAMS 0x0000000726d00000, 0x0000000726d00000| Untracked 
|  96|0x0000000726e00000, 0x0000000726e00000, 0x0000000726f00000|  0%| F|  |TAMS 0x0000000726e00000, 0x0000000726e00000| Untracked 
|  97|0x0000000726f00000, 0x0000000726f00000, 0x0000000727000000|  0%| F|  |TAMS 0x0000000726f00000, 0x0000000726f00000| Untracked 
|  98|0x0000000727000000, 0x0000000727000000, 0x0000000727100000|  0%| F|  |TAMS 0x0000000727000000, 0x0000000727000000| Untracked 
|  99|0x0000000727100000, 0x0000000727100000, 0x0000000727200000|  0%| F|  |TAMS 0x0000000727100000, 0x0000000727100000| Untracked 
| 100|0x0000000727200000, 0x0000000727200000, 0x0000000727300000|  0%| F|  |TAMS 0x0000000727200000, 0x0000000727200000| Untracked 
| 101|0x0000000727300000, 0x0000000727300000, 0x0000000727400000|  0%| F|  |TAMS 0x0000000727300000, 0x0000000727300000| Untracked 
| 102|0x0000000727400000, 0x0000000727400000, 0x0000000727500000|  0%| F|  |TAMS 0x0000000727400000, 0x0000000727400000| Untracked 
| 103|0x0000000727500000, 0x0000000727500000, 0x0000000727600000|  0%| F|  |TAMS 0x0000000727500000, 0x0000000727500000| Untracked 
| 104|0x0000000727600000, 0x0000000727600000, 0x0000000727700000|  0%| F|  |TAMS 0x0000000727600000, 0x0000000727600000| Untracked 
| 105|0x0000000727700000, 0x0000000727700000, 0x0000000727800000|  0%| F|  |TAMS 0x0000000727700000, 0x0000000727700000| Untracked 
| 106|0x0000000727800000, 0x0000000727800000, 0x0000000727900000|  0%| F|  |TAMS 0x0000000727800000, 0x0000000727800000| Untracked 
| 107|0x0000000727900000, 0x0000000727900000, 0x0000000727a00000|  0%| F|  |TAMS 0x0000000727900000, 0x0000000727900000| Untracked 
| 108|0x0000000727a00000, 0x0000000727a00000, 0x0000000727b00000|  0%| F|  |TAMS 0x0000000727a00000, 0x0000000727a00000| Untracked 
| 109|0x0000000727b00000, 0x0000000727b00000, 0x0000000727c00000|  0%| F|  |TAMS 0x0000000727b00000, 0x0000000727b00000| Untracked 
| 110|0x0000000727c00000, 0x0000000727c00000, 0x0000000727d00000|  0%| F|  |TAMS 0x0000000727c00000, 0x0000000727c00000| Untracked 
| 111|0x0000000727d00000, 0x0000000727d80800, 0x0000000727e00000| 50%| E|  |TAMS 0x0000000727d00000, 0x0000000727d00000| Complete 
| 112|0x0000000727e00000, 0x0000000727f00000, 0x0000000727f00000|100%| E|CS|TAMS 0x0000000727e00000, 0x0000000727e00000| Complete 
| 113|0x0000000727f00000, 0x0000000728000000, 0x0000000728000000|100%| E|CS|TAMS 0x0000000727f00000, 0x0000000727f00000| Complete 
| 114|0x0000000728000000, 0x0000000728100000, 0x0000000728100000|100%| E|CS|TAMS 0x0000000728000000, 0x0000000728000000| Complete 
| 115|0x0000000728100000, 0x0000000728200000, 0x0000000728200000|100%| E|CS|TAMS 0x0000000728100000, 0x0000000728100000| Complete 
| 116|0x0000000728200000, 0x0000000728300000, 0x0000000728300000|100%| E|CS|TAMS 0x0000000728200000, 0x0000000728200000| Complete 
| 117|0x0000000728300000, 0x0000000728400000, 0x0000000728400000|100%| E|CS|TAMS 0x0000000728300000, 0x0000000728300000| Complete 
| 118|0x0000000728400000, 0x0000000728500000, 0x0000000728500000|100%| E|CS|TAMS 0x0000000728400000, 0x0000000728400000| Complete 
| 119|0x0000000728500000, 0x0000000728600000, 0x0000000728600000|100%| E|CS|TAMS 0x0000000728500000, 0x0000000728500000| Complete 
| 120|0x0000000728600000, 0x0000000728700000, 0x0000000728700000|100%| E|CS|TAMS 0x0000000728600000, 0x0000000728600000| Complete 
| 121|0x0000000728700000, 0x0000000728800000, 0x0000000728800000|100%| E|CS|TAMS 0x0000000728700000, 0x0000000728700000| Complete 
| 122|0x0000000728800000, 0x0000000728900000, 0x0000000728900000|100%| E|CS|TAMS 0x0000000728800000, 0x0000000728800000| Complete 
| 123|0x0000000728900000, 0x0000000728a00000, 0x0000000728a00000|100%| E|CS|TAMS 0x0000000728900000, 0x0000000728900000| Complete 
| 124|0x0000000728a00000, 0x0000000728b00000, 0x0000000728b00000|100%| E|CS|TAMS 0x0000000728a00000, 0x0000000728a00000| Complete 
| 125|0x0000000728b00000, 0x0000000728c00000, 0x0000000728c00000|100%| E|CS|TAMS 0x0000000728b00000, 0x0000000728b00000| Complete 
| 126|0x0000000728c00000, 0x0000000728d00000, 0x0000000728d00000|100%| E|CS|TAMS 0x0000000728c00000, 0x0000000728c00000| Complete 
| 127|0x0000000728d00000, 0x0000000728dcc210, 0x0000000728e00000| 79%| S|CS|TAMS 0x0000000728d00000, 0x0000000728d00000| Complete 
| 128|0x0000000728e00000, 0x0000000728f00000, 0x0000000728f00000|100%| S|CS|TAMS 0x0000000728e00000, 0x0000000728e00000| Complete 
| 129|0x0000000728f00000, 0x0000000729000000, 0x0000000729000000|100%| S|CS|TAMS 0x0000000728f00000, 0x0000000728f00000| Complete 
| 130|0x0000000729000000, 0x0000000729100000, 0x0000000729100000|100%| S|CS|TAMS 0x0000000729000000, 0x0000000729000000| Complete 
| 131|0x0000000729100000, 0x0000000729200000, 0x0000000729200000|100%| S|CS|TAMS 0x0000000729100000, 0x0000000729100000| Complete 
| 132|0x0000000729200000, 0x0000000729300000, 0x0000000729300000|100%| S|CS|TAMS 0x0000000729200000, 0x0000000729200000| Complete 
| 133|0x0000000729300000, 0x0000000729400000, 0x0000000729400000|100%| S|CS|TAMS 0x0000000729300000, 0x0000000729300000| Complete 
| 134|0x0000000729400000, 0x0000000729500000, 0x0000000729500000|100%| S|CS|TAMS 0x0000000729400000, 0x0000000729400000| Complete 
| 135|0x0000000729500000, 0x0000000729600000, 0x0000000729600000|100%| E|CS|TAMS 0x0000000729500000, 0x0000000729500000| Complete 
| 136|0x0000000729600000, 0x0000000729700000, 0x0000000729700000|100%| E|CS|TAMS 0x0000000729600000, 0x0000000729600000| Complete 
| 137|0x0000000729700000, 0x0000000729800000, 0x0000000729800000|100%| E|CS|TAMS 0x0000000729700000, 0x0000000729700000| Complete 
| 138|0x0000000729800000, 0x0000000729900000, 0x0000000729900000|100%| E|CS|TAMS 0x0000000729800000, 0x0000000729800000| Complete 
| 139|0x0000000729900000, 0x0000000729a00000, 0x0000000729a00000|100%| E|CS|TAMS 0x0000000729900000, 0x0000000729900000| Complete 
| 140|0x0000000729a00000, 0x0000000729b00000, 0x0000000729b00000|100%| E|CS|TAMS 0x0000000729a00000, 0x0000000729a00000| Complete 
| 141|0x0000000729b00000, 0x0000000729c00000, 0x0000000729c00000|100%| E|CS|TAMS 0x0000000729b00000, 0x0000000729b00000| Complete 
| 142|0x0000000729c00000, 0x0000000729d00000, 0x0000000729d00000|100%| E|CS|TAMS 0x0000000729c00000, 0x0000000729c00000| Complete 
| 143|0x0000000729d00000, 0x0000000729e00000, 0x0000000729e00000|100%| E|CS|TAMS 0x0000000729d00000, 0x0000000729d00000| Complete 
| 144|0x0000000729e00000, 0x0000000729f00000, 0x0000000729f00000|100%| E|CS|TAMS 0x0000000729e00000, 0x0000000729e00000| Complete 
| 145|0x0000000729f00000, 0x000000072a000000, 0x000000072a000000|100%| E|CS|TAMS 0x0000000729f00000, 0x0000000729f00000| Complete 
| 146|0x000000072a000000, 0x000000072a100000, 0x000000072a100000|100%| E|CS|TAMS 0x000000072a000000, 0x000000072a000000| Complete 
| 147|0x000000072a100000, 0x000000072a200000, 0x000000072a200000|100%| E|CS|TAMS 0x000000072a100000, 0x000000072a100000| Complete 
| 148|0x000000072a200000, 0x000000072a300000, 0x000000072a300000|100%| E|CS|TAMS 0x000000072a200000, 0x000000072a200000| Complete 
| 149|0x000000072a300000, 0x000000072a400000, 0x000000072a400000|100%| E|CS|TAMS 0x000000072a300000, 0x000000072a300000| Complete 
| 150|0x000000072a400000, 0x000000072a500000, 0x000000072a500000|100%| E|CS|TAMS 0x000000072a400000, 0x000000072a400000| Complete 
| 151|0x000000072a500000, 0x000000072a600000, 0x000000072a600000|100%| E|CS|TAMS 0x000000072a500000, 0x000000072a500000| Complete 
| 152|0x000000072a600000, 0x000000072a700000, 0x000000072a700000|100%| E|CS|TAMS 0x000000072a600000, 0x000000072a600000| Complete 
| 153|0x000000072a700000, 0x000000072a800000, 0x000000072a800000|100%| E|CS|TAMS 0x000000072a700000, 0x000000072a700000| Complete 
| 154|0x000000072a800000, 0x000000072a900000, 0x000000072a900000|100%| E|CS|TAMS 0x000000072a800000, 0x000000072a800000| Complete 
| 155|0x000000072a900000, 0x000000072aa00000, 0x000000072aa00000|100%| E|CS|TAMS 0x000000072a900000, 0x000000072a900000| Complete 
| 156|0x000000072aa00000, 0x000000072ab00000, 0x000000072ab00000|100%| E|CS|TAMS 0x000000072aa00000, 0x000000072aa00000| Complete 
| 157|0x000000072ab00000, 0x000000072ac00000, 0x000000072ac00000|100%| E|CS|TAMS 0x000000072ab00000, 0x000000072ab00000| Complete 
| 158|0x000000072ac00000, 0x000000072ad00000, 0x000000072ad00000|100%| E|CS|TAMS 0x000000072ac00000, 0x000000072ac00000| Complete 
| 159|0x000000072ad00000, 0x000000072ae00000, 0x000000072ae00000|100%| E|CS|TAMS 0x000000072ad00000, 0x000000072ad00000| Complete 
| 160|0x000000072ae00000, 0x000000072af00000, 0x000000072af00000|100%| E|CS|TAMS 0x000000072ae00000, 0x000000072ae00000| Complete 
| 161|0x000000072af00000, 0x000000072b000000, 0x000000072b000000|100%| E|CS|TAMS 0x000000072af00000, 0x000000072af00000| Complete 
| 162|0x000000072b000000, 0x000000072b100000, 0x000000072b100000|100%| E|CS|TAMS 0x000000072b000000, 0x000000072b000000| Complete 
| 163|0x000000072b100000, 0x000000072b200000, 0x000000072b200000|100%| E|CS|TAMS 0x000000072b100000, 0x000000072b100000| Complete 
| 164|0x000000072b200000, 0x000000072b300000, 0x000000072b300000|100%| E|CS|TAMS 0x000000072b200000, 0x000000072b200000| Complete 
| 165|0x000000072b300000, 0x000000072b400000, 0x000000072b400000|100%| E|CS|TAMS 0x000000072b300000, 0x000000072b300000| Complete 
| 166|0x000000072b400000, 0x000000072b500000, 0x000000072b500000|100%| E|CS|TAMS 0x000000072b400000, 0x000000072b400000| Complete 
| 167|0x000000072b500000, 0x000000072b600000, 0x000000072b600000|100%| E|CS|TAMS 0x000000072b500000, 0x000000072b500000| Complete 
| 168|0x000000072b600000, 0x000000072b700000, 0x000000072b700000|100%| E|CS|TAMS 0x000000072b600000, 0x000000072b600000| Complete 
| 169|0x000000072b700000, 0x000000072b800000, 0x000000072b800000|100%| E|CS|TAMS 0x000000072b700000, 0x000000072b700000| Complete 
| 170|0x000000072b800000, 0x000000072b900000, 0x000000072b900000|100%| E|CS|TAMS 0x000000072b800000, 0x000000072b800000| Complete 
| 171|0x000000072b900000, 0x000000072ba00000, 0x000000072ba00000|100%| E|CS|TAMS 0x000000072b900000, 0x000000072b900000| Complete 
| 172|0x000000072ba00000, 0x000000072bb00000, 0x000000072bb00000|100%| E|CS|TAMS 0x000000072ba00000, 0x000000072ba00000| Complete 
| 173|0x000000072bb00000, 0x000000072bc00000, 0x000000072bc00000|100%| E|CS|TAMS 0x000000072bb00000, 0x000000072bb00000| Complete 
| 174|0x000000072bc00000, 0x000000072bd00000, 0x000000072bd00000|100%| E|CS|TAMS 0x000000072bc00000, 0x000000072bc00000| Complete 
| 175|0x000000072bd00000, 0x000000072be00000, 0x000000072be00000|100%| E|CS|TAMS 0x000000072bd00000, 0x000000072bd00000| Complete 
| 176|0x000000072be00000, 0x000000072bf00000, 0x000000072bf00000|100%| E|CS|TAMS 0x000000072be00000, 0x000000072be00000| Complete 
| 177|0x000000072bf00000, 0x000000072c000000, 0x000000072c000000|100%| E|CS|TAMS 0x000000072bf00000, 0x000000072bf00000| Complete 
| 178|0x000000072c000000, 0x000000072c100000, 0x000000072c100000|100%| E|CS|TAMS 0x000000072c000000, 0x000000072c000000| Complete 
| 179|0x000000072c100000, 0x000000072c200000, 0x000000072c200000|100%| E|CS|TAMS 0x000000072c100000, 0x000000072c100000| Complete 
| 180|0x000000072c200000, 0x000000072c300000, 0x000000072c300000|100%| E|CS|TAMS 0x000000072c200000, 0x000000072c200000| Complete 
| 181|0x000000072c300000, 0x000000072c400000, 0x000000072c400000|100%| E|CS|TAMS 0x000000072c300000, 0x000000072c300000| Complete 
| 182|0x000000072c400000, 0x000000072c500000, 0x000000072c500000|100%| E|CS|TAMS 0x000000072c400000, 0x000000072c400000| Complete 
| 183|0x000000072c500000, 0x000000072c600000, 0x000000072c600000|100%| E|CS|TAMS 0x000000072c500000, 0x000000072c500000| Complete 
| 184|0x000000072c600000, 0x000000072c700000, 0x000000072c700000|100%| E|CS|TAMS 0x000000072c600000, 0x000000072c600000| Complete 
| 185|0x000000072c700000, 0x000000072c800000, 0x000000072c800000|100%| E|CS|TAMS 0x000000072c700000, 0x000000072c700000| Complete 
| 186|0x000000072c800000, 0x000000072c900000, 0x000000072c900000|100%| E|CS|TAMS 0x000000072c800000, 0x000000072c800000| Complete 
| 187|0x000000072c900000, 0x000000072ca00000, 0x000000072ca00000|100%| E|CS|TAMS 0x000000072c900000, 0x000000072c900000| Complete 
| 188|0x000000072ca00000, 0x000000072cb00000, 0x000000072cb00000|100%| E|CS|TAMS 0x000000072ca00000, 0x000000072ca00000| Complete 
| 189|0x000000072cb00000, 0x000000072cc00000, 0x000000072cc00000|100%| E|CS|TAMS 0x000000072cb00000, 0x000000072cb00000| Complete 
| 190|0x000000072cc00000, 0x000000072cd00000, 0x000000072cd00000|100%| E|CS|TAMS 0x000000072cc00000, 0x000000072cc00000| Complete 
| 191|0x000000072cd00000, 0x000000072ce00000, 0x000000072ce00000|100%| E|CS|TAMS 0x000000072cd00000, 0x000000072cd00000| Complete 
| 192|0x000000072ce00000, 0x000000072cf00000, 0x000000072cf00000|100%| E|CS|TAMS 0x000000072ce00000, 0x000000072ce00000| Complete 
| 193|0x000000072cf00000, 0x000000072d000000, 0x000000072d000000|100%| E|CS|TAMS 0x000000072cf00000, 0x000000072cf00000| Complete 
| 194|0x000000072d000000, 0x000000072d100000, 0x000000072d100000|100%| E|CS|TAMS 0x000000072d000000, 0x000000072d000000| Complete 
| 195|0x000000072d100000, 0x000000072d200000, 0x000000072d200000|100%| E|CS|TAMS 0x000000072d100000, 0x000000072d100000| Complete 
| 196|0x000000072d200000, 0x000000072d300000, 0x000000072d300000|100%| E|CS|TAMS 0x000000072d200000, 0x000000072d200000| Complete 
| 197|0x000000072d300000, 0x000000072d400000, 0x000000072d400000|100%| E|CS|TAMS 0x000000072d300000, 0x000000072d300000| Complete 
| 198|0x000000072d400000, 0x000000072d500000, 0x000000072d500000|100%| E|CS|TAMS 0x000000072d400000, 0x000000072d400000| Complete 
| 199|0x000000072d500000, 0x000000072d600000, 0x000000072d600000|100%| E|CS|TAMS 0x000000072d500000, 0x000000072d500000| Complete 
| 200|0x000000072d600000, 0x000000072d700000, 0x000000072d700000|100%| E|  |TAMS 0x000000072d600000, 0x000000072d600000| Complete 
| 201|0x000000072d700000, 0x000000072d800000, 0x000000072d800000|100%| E|CS|TAMS 0x000000072d700000, 0x000000072d700000| Complete 
| 202|0x000000072d800000, 0x000000072d900000, 0x000000072d900000|100%| E|CS|TAMS 0x000000072d800000, 0x000000072d800000| Complete 
| 203|0x000000072d900000, 0x000000072da00000, 0x000000072da00000|100%| E|CS|TAMS 0x000000072d900000, 0x000000072d900000| Complete 
| 204|0x000000072da00000, 0x000000072db00000, 0x000000072db00000|100%| E|CS|TAMS 0x000000072da00000, 0x000000072da00000| Complete 
| 205|0x000000072db00000, 0x000000072dc00000, 0x000000072dc00000|100%| E|CS|TAMS 0x000000072db00000, 0x000000072db00000| Complete 
| 206|0x000000072dc00000, 0x000000072dd00000, 0x000000072dd00000|100%| E|CS|TAMS 0x000000072dc00000, 0x000000072dc00000| Complete 
| 207|0x000000072dd00000, 0x000000072de00000, 0x000000072de00000|100%| E|CS|TAMS 0x000000072dd00000, 0x000000072dd00000| Complete 
| 208|0x000000072de00000, 0x000000072df00000, 0x000000072df00000|100%| E|CS|TAMS 0x000000072de00000, 0x000000072de00000| Complete 
| 209|0x000000072df00000, 0x000000072e000000, 0x000000072e000000|100%| E|CS|TAMS 0x000000072df00000, 0x000000072df00000| Complete 
| 210|0x000000072e000000, 0x000000072e100000, 0x000000072e100000|100%| E|CS|TAMS 0x000000072e000000, 0x000000072e000000| Complete 
| 211|0x000000072e100000, 0x000000072e200000, 0x000000072e200000|100%| E|CS|TAMS 0x000000072e100000, 0x000000072e100000| Complete 
| 212|0x000000072e200000, 0x000000072e300000, 0x000000072e300000|100%| E|CS|TAMS 0x000000072e200000, 0x000000072e200000| Complete 
| 213|0x000000072e300000, 0x000000072e400000, 0x000000072e400000|100%| E|CS|TAMS 0x000000072e300000, 0x000000072e300000| Complete 
| 214|0x000000072e400000, 0x000000072e500000, 0x000000072e500000|100%| E|CS|TAMS 0x000000072e400000, 0x000000072e400000| Complete 
| 215|0x000000072e500000, 0x000000072e600000, 0x000000072e600000|100%| E|CS|TAMS 0x000000072e500000, 0x000000072e500000| Complete 
| 216|0x000000072e600000, 0x000000072e700000, 0x000000072e700000|100%| E|CS|TAMS 0x000000072e600000, 0x000000072e600000| Complete 
| 217|0x000000072e700000, 0x000000072e800000, 0x000000072e800000|100%| E|CS|TAMS 0x000000072e700000, 0x000000072e700000| Complete 
| 218|0x000000072e800000, 0x000000072e900000, 0x000000072e900000|100%| E|CS|TAMS 0x000000072e800000, 0x000000072e800000| Complete 
| 219|0x000000072e900000, 0x000000072ea00000, 0x000000072ea00000|100%| E|CS|TAMS 0x000000072e900000, 0x000000072e900000| Complete 
| 220|0x000000072ea00000, 0x000000072eb00000, 0x000000072eb00000|100%| E|CS|TAMS 0x000000072ea00000, 0x000000072ea00000| Complete 
| 221|0x000000072eb00000, 0x000000072ec00000, 0x000000072ec00000|100%| E|CS|TAMS 0x000000072eb00000, 0x000000072eb00000| Complete 
| 222|0x000000072ec00000, 0x000000072ed00000, 0x000000072ed00000|100%| E|CS|TAMS 0x000000072ec00000, 0x000000072ec00000| Complete 
| 223|0x000000072ed00000, 0x000000072ee00000, 0x000000072ee00000|100%| E|CS|TAMS 0x000000072ed00000, 0x000000072ed00000| Complete 

Card table byte_map: [0x00000194db690000,0x00000194dbd90000] _byte_map_base: 0x00000194d7d89000

Marking Bits (Prev, Next): (CMBitMap*) 0x00000194c4426b38, (CMBitMap*) 0x00000194c4426b70
 Prev Bits: [0x00000194dc490000, 0x00000194dfc58000)
 Next Bits: [0x00000194dfc60000, 0x00000194e3428000)

Polling page: 0x00000194c23d0000

Metaspace:

Usage:
  Non-class:     42.54 MB capacity,    41.68 MB ( 98%) used,   704.38 KB (  2%) free+waste,   175.25 KB ( <1%) overhead. 
      Class:      6.34 MB capacity,     5.75 MB ( 91%) used,   520.74 KB (  8%) free+waste,    84.31 KB (  1%) overhead. 
       Both:     48.88 MB capacity,    47.43 MB ( 97%) used,     1.20 MB (  2%) free+waste,   259.56 KB ( <1%) overhead. 

Virtual space:
  Non-class space:       44.00 MB reserved,      42.58 MB ( 97%) committed 
      Class space:        1.00 GB reserved,       6.38 MB ( <1%) committed 
             Both:        1.04 GB reserved,      48.95 MB (  5%) committed 

Chunk freelists:
   Non-Class:  4.75 KB
       Class:  640 bytes
        Both:  5.38 KB

CodeHeap 'non-profiled nmethods': size=120000Kb used=2853Kb max_used=2853Kb free=117146Kb
 bounds [0x00000194d3510000, 0x00000194d37e0000, 0x00000194daa40000]
CodeHeap 'profiled nmethods': size=120000Kb used=10066Kb max_used=10066Kb free=109933Kb
 bounds [0x00000194cbfe0000, 0x00000194cc9c0000, 0x00000194d3510000]
CodeHeap 'non-nmethods': size=5760Kb used=1249Kb max_used=1292Kb free=4510Kb
 bounds [0x00000194cba40000, 0x00000194cbcb0000, 0x00000194cbfe0000]
 total_blobs=4830 nmethods=4329 adapters=420
 compilation: enabled
              stopped_count=0, restarted_count=0
 full_count=0

Compilation events (10 events):
Event: 3.193 Thread 0x00000194e7697800 nmethod 4335 0x00000194d37c5790 code [0x00000194d37c5900, 0x00000194d37c59d8]
Event: 3.193 Thread 0x00000194e7697800 4336       4       java.lang.String::getBytes (44 bytes)
Event: 3.195 Thread 0x00000194e7697800 nmethod 4336 0x00000194d37c5a90 code [0x00000194d37c5c20, 0x00000194d37c5f38]
Event: 3.195 Thread 0x00000194e7697800 4311       4       jdk.internal.ref.PhantomCleanable::<init> (49 bytes)
Event: 3.201 Thread 0x00000194e6c48800 nmethod 4298 0x00000194d37c6110 code [0x00000194d37c62e0, 0x00000194d37c6e48]
Event: 3.201 Thread 0x00000194e6c48800 4339       4       java.lang.PublicMethods$MethodList::filter (104 bytes)
Event: 3.203 Thread 0x00000194e7697800 nmethod 4311 0x00000194d37c7910 code [0x00000194d37c7ac0, 0x00000194d37c87d8]
Event: 3.203 Thread 0x00000194e7697800 4342       4       java.util.concurrent.ConcurrentHashMap$Node::<init> (20 bytes)
Event: 3.204 Thread 0x00000194e7697800 nmethod 4342 0x00000194d37c8b90 code [0x00000194d37c8d00, 0x00000194d37c8f18]
Event: 3.204 Thread 0x00000194e7697800 4338       4       java.util.ArrayList::toArray (57 bytes)

GC Heap History (8 events):
Event: 0.444 GC heap before
{Heap before GC invocations=0 (full 0):
 garbage-first heap   total 229376K, used 23552K [0x0000000720e00000, 0x0000000800000000)
  region size 1024K, 24 young (24576K), 0 survivors (0K)
 Metaspace       used 10391K, capacity 10526K, committed 10752K, reserved 1058816K
  class space    used 974K, capacity 1022K, committed 1024K, reserved 1048576K
}
Event: 0.447 GC heap after
{Heap after GC invocations=1 (full 0):
 garbage-first heap   total 229376K, used 6770K [0x0000000720e00000, 0x0000000800000000)
  region size 1024K, 3 young (3072K), 3 survivors (3072K)
 Metaspace       used 10391K, capacity 10526K, committed 10752K, reserved 1058816K
  class space    used 974K, capacity 1022K, committed 1024K, reserved 1048576K
}
Event: 0.994 GC heap before
{Heap before GC invocations=1 (full 0):
 garbage-first heap   total 229376K, used 71282K [0x0000000720e00000, 0x0000000800000000)
  region size 1024K, 67 young (68608K), 3 survivors (3072K)
 Metaspace       used 20739K, capacity 21186K, committed 21296K, reserved 1069056K
  class space    used 2232K, capacity 2423K, committed 2432K, reserved 1048576K
}
Event: 0.999 GC heap after
{Heap after GC invocations=2 (full 0):
 garbage-first heap   total 229376K, used 9088K [0x0000000720e00000, 0x0000000800000000)
  region size 1024K, 6 young (6144K), 6 survivors (6144K)
 Metaspace       used 20739K, capacity 21186K, committed 21296K, reserved 1069056K
  class space    used 2232K, capacity 2423K, committed 2432K, reserved 1048576K
}
Event: 1.443 GC heap before
{Heap before GC invocations=3 (full 0):
 garbage-first heap   total 229376K, used 74624K [0x0000000720e00000, 0x0000000800000000)
  region size 1024K, 71 young (72704K), 6 survivors (6144K)
 Metaspace       used 26350K, capacity 26979K, committed 27184K, reserved 1073152K
  class space    used 2906K, capacity 3170K, committed 3200K, reserved 1048576K
}
Event: 1.447 GC heap after
{Heap after GC invocations=4 (full 0):
 garbage-first heap   total 229376K, used 11389K [0x0000000720e00000, 0x0000000800000000)
  region size 1024K, 5 young (5120K), 5 survivors (5120K)
 Metaspace       used 26350K, capacity 26979K, committed 27184K, reserved 1073152K
  class space    used 2906K, capacity 3170K, committed 3200K, reserved 1048576K
}
Event: 2.248 GC heap before
{Heap before GC invocations=4 (full 0):
 garbage-first heap   total 229376K, used 96381K [0x0000000720e00000, 0x0000000800000000)
  region size 1024K, 89 young (91136K), 5 survivors (5120K)
 Metaspace       used 34879K, capacity 35863K, committed 35920K, reserved 1081344K
  class space    used 4138K, capacity 4574K, committed 4608K, reserved 1048576K
}
Event: 2.254 GC heap after
{Heap after GC invocations=5 (full 0):
 garbage-first heap   total 229376K, used 14506K [0x0000000720e00000, 0x0000000800000000)
  region size 1024K, 8 young (8192K), 8 survivors (8192K)
 Metaspace       used 34879K, capacity 35863K, committed 35920K, reserved 1081344K
  class space    used 4138K, capacity 4574K, committed 4608K, reserved 1048576K
}

Deoptimization events (10 events):
Event: 3.112 Thread 0x00000194e7d23800 Uncommon trap: reason=class_check action=maybe_recompile pc=0x00000194d3774a7c method=sun.reflect.generics.reflectiveObjects.TypeVariableImpl.hashCode()I @ 4 c2
Event: 3.113 Thread 0x00000194e7d23800 Uncommon trap: reason=speculate_null_assert action=make_not_entrant pc=0x00000194d35c5a98 method=org.springframework.util.ConcurrentReferenceHashMap$Segment.restructureIfNecessary(Z)V @ 41 c2
Event: 3.162 Thread 0x00000194eae0b800 Uncommon trap: reason=unstable_if action=reinterpret pc=0x00000194d361d75c method=java.util.concurrent.ConcurrentHashMap.putVal(Ljava/lang/Object;Ljava/lang/Object;Z)Ljava/lang/Object; @ 97 c2
Event: 3.163 Thread 0x00000194eccb3800 Uncommon trap: reason=unstable_if action=reinterpret pc=0x00000194d3738460 method=java.lang.CharacterDataLatin1.digit(II)I @ 12 c2
Event: 3.163 Thread 0x00000194ecfd7800 Uncommon trap: reason=unstable_if action=reinterpret pc=0x00000194d3738460 method=java.lang.CharacterDataLatin1.digit(II)I @ 12 c2
Event: 3.163 Thread 0x00000194ecfdc000 Uncommon trap: reason=unstable_if action=reinterpret pc=0x00000194d3738460 method=java.lang.CharacterDataLatin1.digit(II)I @ 12 c2
Event: 3.163 Thread 0x00000194ea308800 Uncommon trap: reason=unstable_if action=reinterpret pc=0x00000194d3738460 method=java.lang.CharacterDataLatin1.digit(II)I @ 12 c2
Event: 3.163 Thread 0x00000194eae0b800 Uncommon trap: reason=unstable_if action=reinterpret pc=0x00000194d3738460 method=java.lang.CharacterDataLatin1.digit(II)I @ 12 c2
Event: 3.163 Thread 0x00000194ecfd9800 Uncommon trap: reason=unstable_if action=reinterpret pc=0x00000194d3738460 method=java.lang.CharacterDataLatin1.digit(II)I @ 12 c2
Event: 3.195 Thread 0x00000194e7d23800 Uncommon trap: reason=unstable_if action=reinterpret pc=0x00000194d37b09e8 method=java.lang.reflect.Executable.equalParamTypes([Ljava/lang/Class;[Ljava/lang/Class;)Z @ 4 c2

Classes redefined (0 events):
No events

Internal exceptions (10 events):
Event: 3.158 Thread 0x00000194e7d23800 Exception <a 'java/lang/ClassNotFoundException'{0x0000000729b39b48}: java/lang/ObjectCustomizer> (0x0000000729b39b48) thrown at [./open/src/hotspot/share/classfile/systemDictionary.cpp, line 226]
Event: 3.159 Thread 0x00000194e7d23800 Exception <a 'java/lang/ClassNotFoundException'{0x0000000729b520b8}: com/proyecto/vtb/vtaskback/auth/models/UsuarioCustomizer> (0x0000000729b520b8) thrown at [./open/src/hotspot/share/classfile/systemDictionary.cpp, line 226]
Event: 3.162 Thread 0x00000194e7d23800 Exception <a 'java/lang/ClassNotFoundException'{0x000000072980afd0}: java/lang/ObjectCustomizer> (0x000000072980afd0) thrown at [./open/src/hotspot/share/classfile/systemDictionary.cpp, line 226]
Event: 3.163 Thread 0x00000194e7d23800 Exception <a 'java/lang/ClassNotFoundException'{0x00000007298233e0}: com/proyecto/vtb/vtaskback/models/EstudianteCustomizer> (0x00000007298233e0) thrown at [./open/src/hotspot/share/classfile/systemDictionary.cpp, line 226]
Event: 3.168 Thread 0x00000194e7d23800 Exception <a 'java/lang/ClassNotFoundException'{0x000000072985cbc0}: java/lang/ObjectCustomizer> (0x000000072985cbc0) thrown at [./open/src/hotspot/share/classfile/systemDictionary.cpp, line 226]
Event: 3.169 Thread 0x00000194e7d23800 Exception <a 'java/lang/ClassNotFoundException'{0x0000000729874480}: com/proyecto/vtb/vtaskback/models/ExamenCustomizer> (0x0000000729874480) thrown at [./open/src/hotspot/share/classfile/systemDictionary.cpp, line 226]
Event: 3.172 Thread 0x00000194e7d23800 Exception <a 'java/lang/ClassNotFoundException'{0x0000000729729cd8}: java/lang/ObjectCustomizer> (0x0000000729729cd8) thrown at [./open/src/hotspot/share/classfile/systemDictionary.cpp, line 226]
Event: 3.173 Thread 0x00000194e7d23800 Exception <a 'java/lang/ClassNotFoundException'{0x0000000729741f30}: com/proyecto/vtb/vtaskback/models/PreguntaCustomizer> (0x0000000729741f30) thrown at [./open/src/hotspot/share/classfile/systemDictionary.cpp, line 226]
Event: 3.201 Thread 0x00000194e7d23800 Exception <a 'java/lang/NoSuchMethodError'{0x00000007295c97e8}: java.lang.invoke.DirectMethodHandle$Holder.invokeVirtual(Ljava/lang/Object;Ljava/lang/Object;)J> (0x00000007295c97e8) thrown at [./open/src/hotspot/share/interpreter/linkResolver.cpp, line 77
Event: 3.202 Thread 0x00000194e7d23800 Exception <a 'java/lang/NoSuchMethodError'{0x00000007295d8198}: java.lang.invoke.DirectMethodHandle$Holder.newInvokeSpecial(Ljava/lang/Object;J)Ljava/lang/Object;> (0x00000007295d8198) thrown at [./open/src/hotspot/share/interpreter/linkResolver.cpp, line

Events (10 events):
Event: 3.205 loading class org/springframework/data/mongodb/core/ReadPreferenceAware
Event: 3.205 loading class org/springframework/data/mongodb/core/ReadPreferenceAware done
Event: 3.205 loading class org/springframework/data/mongodb/core/CollectionCallback
Event: 3.205 loading class org/springframework/data/mongodb/core/CollectionCallback done
Event: 3.205 loading class org/springframework/data/mongodb/core/aggregation/Aggregation
Event: 3.205 loading class org/springframework/data/mongodb/core/aggregation/Aggregation done
Event: 3.206 loading class org/springframework/data/mongodb/core/aggregation/TypedAggregation
Event: 3.206 loading class org/springframework/data/mongodb/core/aggregation/TypedAggregation done
Event: 3.206 loading class org/springframework/data/util/CloseableIterator
Event: 3.206 loading class org/springframework/data/util/CloseableIterator done


Dynamic libraries:
0x00007ff7ded90000 - 0x00007ff7ded9f000 	C:\Program Files\Java\jdk-11.0.14\bin\java.exe
0x00007ffa08b90000 - 0x00007ffa08d85000 	C:\WINDOWS\SYSTEM32\ntdll.dll
0x00007ffa07e60000 - 0x00007ffa07f1d000 	C:\WINDOWS\System32\KERNEL32.DLL
0x00007ffa06830000 - 0x00007ffa06afd000 	C:\WINDOWS\System32\KERNELBASE.dll
0x00007ffa06700000 - 0x00007ffa06800000 	C:\WINDOWS\System32\ucrtbase.dll
0x00007ff9caec0000 - 0x00007ff9caed8000 	C:\Program Files\Java\jdk-11.0.14\bin\jli.dll
0x00007ff9cafb0000 - 0x00007ff9cafc5000 	C:\Program Files\Java\jdk-11.0.14\bin\VCRUNTIME140.dll
0x00007ffa08660000 - 0x00007ffa0870e000 	C:\WINDOWS\System32\ADVAPI32.dll
0x00007ffa087d0000 - 0x00007ffa0886e000 	C:\WINDOWS\System32\msvcrt.dll
0x00007ffa07890000 - 0x00007ffa0792c000 	C:\WINDOWS\System32\sechost.dll
0x00007ffa08a20000 - 0x00007ffa08b45000 	C:\WINDOWS\System32\RPCRT4.dll
0x00007ffa08880000 - 0x00007ffa08a20000 	C:\WINDOWS\System32\USER32.dll
0x00007ffa06800000 - 0x00007ffa06822000 	C:\WINDOWS\System32\win32u.dll
0x00007ff9f0710000 - 0x00007ff9f09aa000 	C:\WINDOWS\WinSxS\amd64_microsoft.windows.common-controls_6595b64144ccf1df_6.0.19041.1110_none_60b5254171f9507e\COMCTL32.dll
0x00007ffa08370000 - 0x00007ffa0839a000 	C:\WINDOWS\System32\GDI32.dll
0x00007ffa06580000 - 0x00007ffa0668b000 	C:\WINDOWS\System32\gdi32full.dll
0x00007ffa064e0000 - 0x00007ffa0657d000 	C:\WINDOWS\System32\msvcp_win.dll
0x00007ffa00620000 - 0x00007ffa0062a000 	C:\WINDOWS\SYSTEM32\VERSION.dll
0x00007ffa085d0000 - 0x00007ffa08600000 	C:\WINDOWS\System32\IMM32.DLL
0x00007ff9a4be0000 - 0x00007ff9a4c7b000 	C:\Program Files\Java\jdk-11.0.14\bin\msvcp140.dll
0x00007ff9a40c0000 - 0x00007ff9a4bd6000 	C:\Program Files\Java\jdk-11.0.14\bin\server\jvm.dll
0x00007ffa08870000 - 0x00007ffa08878000 	C:\WINDOWS\System32\PSAPI.DLL
0x00007ff9f13d0000 - 0x00007ff9f13d9000 	C:\WINDOWS\SYSTEM32\WSOCK32.dll
0x00007ff9f1410000 - 0x00007ff9f1437000 	C:\WINDOWS\SYSTEM32\WINMM.dll
0x00007ffa08560000 - 0x00007ffa085cb000 	C:\WINDOWS\System32\WS2_32.dll
0x00007ffa04050000 - 0x00007ffa04062000 	C:\WINDOWS\SYSTEM32\kernel.appcore.dll
0x00007ff9e8db0000 - 0x00007ff9e8dc0000 	C:\Program Files\Java\jdk-11.0.14\bin\verify.dll
0x00007ff9fd580000 - 0x00007ff9fd764000 	C:\WINDOWS\SYSTEM32\DBGHELP.DLL
0x00007ff9f3500000 - 0x00007ff9f352c000 	C:\WINDOWS\SYSTEM32\dbgcore.DLL
0x00007ffa062a0000 - 0x00007ffa06322000 	C:\WINDOWS\System32\bcryptPrimitives.dll
0x00007ff9c8bf0000 - 0x00007ff9c8c18000 	C:\Program Files\Java\jdk-11.0.14\bin\java.dll
0x00007ff9df910000 - 0x00007ff9df91a000 	C:\Program Files\Java\jdk-11.0.14\bin\jimage.dll
0x00007ff9f62d0000 - 0x00007ff9f6308000 	C:\Program Files\Java\jdk-11.0.14\bin\jdwp.dll
0x00007ffa012f0000 - 0x00007ffa012fe000 	C:\Program Files\Java\jdk-11.0.14\bin\instrument.dll
0x00007ff9c83d0000 - 0x00007ff9c83e6000 	C:\Program Files\Java\jdk-11.0.14\bin\zip.dll
0x00007ffa07070000 - 0x00007ffa077b4000 	C:\WINDOWS\System32\SHELL32.dll
0x00007ffa04360000 - 0x00007ffa04af4000 	C:\WINDOWS\SYSTEM32\windows.storage.dll
0x00007ffa06be0000 - 0x00007ffa06f34000 	C:\WINDOWS\System32\combase.dll
0x00007ffa05b50000 - 0x00007ffa05b7c000 	C:\WINDOWS\SYSTEM32\Wldp.dll
0x00007ffa07db0000 - 0x00007ffa07e5d000 	C:\WINDOWS\System32\SHCORE.dll
0x00007ffa08180000 - 0x00007ffa081d5000 	C:\WINDOWS\System32\shlwapi.dll
0x00007ffa061e0000 - 0x00007ffa061ff000 	C:\WINDOWS\SYSTEM32\profapi.dll
0x00007ffa012e0000 - 0x00007ffa012ea000 	C:\Program Files\Java\jdk-11.0.14\bin\dt_socket.dll
0x00007ffa05930000 - 0x00007ffa0599a000 	C:\WINDOWS\system32\mswsock.dll
0x00007ffa013b0000 - 0x00007ffa013c9000 	C:\Program Files\Java\jdk-11.0.14\bin\net.dll
0x00007ff9f6130000 - 0x00007ff9f623a000 	C:\WINDOWS\SYSTEM32\WINHTTP.dll
0x00007ffa01390000 - 0x00007ffa013a2000 	C:\Program Files\Java\jdk-11.0.14\bin\nio.dll
0x00007ffa00fe0000 - 0x00007ffa00fe9000 	C:\Program Files\Java\jdk-11.0.14\bin\management.dll
0x00007ff9fcbb0000 - 0x00007ff9fcbbb000 	C:\Program Files\Java\jdk-11.0.14\bin\management_ext.dll
0x00007ffa01a00000 - 0x00007ffa01a17000 	C:\WINDOWS\system32\napinsp.dll
0x00007ff9f45d0000 - 0x00007ff9f45eb000 	C:\WINDOWS\system32\pnrpnsp.dll
0x00007ff9e8f10000 - 0x00007ff9e8f25000 	C:\WINDOWS\system32\wshbth.dll
0x00007ffa01d30000 - 0x00007ffa01d4d000 	C:\WINDOWS\system32\NLAapi.dll
0x00007ffa05640000 - 0x00007ffa0567b000 	C:\WINDOWS\SYSTEM32\IPHLPAPI.DLL
0x00007ffa05680000 - 0x00007ffa0574b000 	C:\WINDOWS\SYSTEM32\DNSAPI.dll
0x00007ffa083a0000 - 0x00007ffa083a8000 	C:\WINDOWS\System32\NSI.dll
0x00007ff9e8ef0000 - 0x00007ff9e8f02000 	C:\WINDOWS\System32\winrnr.dll
0x00007ff9f5d40000 - 0x00007ff9f5d4a000 	C:\Windows\System32\rasadhlp.dll
0x00007ff9f5ea0000 - 0x00007ff9f5f20000 	C:\WINDOWS\System32\fwpuclnt.dll
0x00007ffa06bb0000 - 0x00007ffa06bd7000 	C:\WINDOWS\System32\bcrypt.dll
0x00007ffa05ee0000 - 0x00007ffa05ef8000 	C:\WINDOWS\SYSTEM32\CRYPTSP.dll
0x00007ffa052d0000 - 0x00007ffa05304000 	C:\WINDOWS\system32\rsaenh.dll
0x00007ffa061a0000 - 0x00007ffa061ce000 	C:\WINDOWS\SYSTEM32\USERENV.dll
0x00007ffa05ac0000 - 0x00007ffa05acc000 	C:\WINDOWS\SYSTEM32\CRYPTBASE.dll
0x00007ff9ff9b0000 - 0x00007ff9ff9c7000 	C:\WINDOWS\SYSTEM32\dhcpcsvc6.DLL
0x00007ff9ff750000 - 0x00007ff9ff76d000 	C:\WINDOWS\SYSTEM32\dhcpcsvc.DLL
0x00007ffa02180000 - 0x00007ffa0218d000 	C:\Program Files\Java\jdk-11.0.14\bin\sunmscapi.dll
0x00007ffa06380000 - 0x00007ffa064d6000 	C:\WINDOWS\System32\CRYPT32.dll
0x00007ffa05bc0000 - 0x00007ffa05be7000 	C:\WINDOWS\SYSTEM32\ncrypt.dll
0x00007ffa05b80000 - 0x00007ffa05bbb000 	C:\WINDOWS\SYSTEM32\NTASN1.dll
0x00007ff9dfa60000 - 0x00007ff9dfa85000 	C:\Program Files\Java\jdk-11.0.14\bin\sunec.dll

dbghelp: loaded successfully - version: 4.0.5 - missing functions: none
symbol engine: initialized successfully - sym options: 0x614 - pdb path: .;C:\Program Files\Java\jdk-11.0.14\bin;C:\WINDOWS\SYSTEM32;C:\WINDOWS\WinSxS\amd64_microsoft.windows.common-controls_6595b64144ccf1df_6.0.19041.1110_none_60b5254171f9507e;C:\Program Files\Java\jdk-11.0.14\bin\server

VM Arguments:
jvm_args: -agentlib:jdwp=transport=dt_socket,address=127.0.0.1:61884,suspend=y,server=n -javaagent:C:\Users\andre\AppData\Local\JetBrains\IdeaIC2022.1\captureAgent\debugger-agent.jar -Dfile.encoding=UTF-8 
java_command: com.proyecto.vtb.vtaskback.VTaskBackApplication
java_class_path (initial): C:\Cursos\Java\Fundamentos\v-task-back\v-t-back-flux\v-task-back\target\classes;C:\Users\andre\.m2\repository\org\springframework\boot\spring-boot-starter-data-mongodb-reactive\2.6.7\spring-boot-starter-data-mongodb-reactive-2.6.7.jar;C:\Users\andre\.m2\repository\org\springframework\boot\spring-boot-starter\2.6.7\spring-boot-starter-2.6.7.jar;C:\Users\andre\.m2\repository\org\springframework\boot\spring-boot-starter-logging\2.6.7\spring-boot-starter-logging-2.6.7.jar;C:\Users\andre\.m2\repository\ch\qos\logback\logback-classic\1.2.11\logback-classic-1.2.11.jar;C:\Users\andre\.m2\repository\ch\qos\logback\logback-core\1.2.11\logback-core-1.2.11.jar;C:\Users\andre\.m2\repository\org\apache\logging\log4j\log4j-to-slf4j\2.17.2\log4j-to-slf4j-2.17.2.jar;C:\Users\andre\.m2\repository\org\apache\logging\log4j\log4j-api\2.17.2\log4j-api-2.17.2.jar;C:\Users\andre\.m2\repository\org\slf4j\jul-to-slf4j\1.7.36\jul-to-slf4j-1.7.36.jar;C:\Users\andre\.m2\repository\jakarta\annotation\jakarta.annotation-api\1.3.5\jakarta.annotation-api-1.3.5.jar;C:\Users\andre\.m2\repository\org\yaml\snakeyaml\1.29\snakeyaml-1.29.jar;C:\Users\andre\.m2\repository\org\mongodb\mongodb-driver-reactivestreams\4.4.2\mongodb-driver-reactivestreams-4.4.2.jar;C:\Users\andre\.m2\repository\org\mongodb\bson\4.4.2\bson-4.4.2.jar;C:\Users\andre\.m2\repository\org\mongodb\mongodb-driver-core\4.4.2\mongodb-driver-core-4.4.2.jar;C:\Users\andre\.m2\repository\org\springframework\data\spring-data-mongodb\3.3.4\spring-data-mongodb-3.3.4.jar;C:\Users\andre\.m2\repository\org\springframework\spring-tx\5.3.19\spring-tx-5.3.19.jar;C:\Users\andre\.m2\repository\org\springframework\spring-context\5.3.19\spring-context-5.3.19.jar;C:\Users\andre\.m2\repository\org\springframework\spring-beans\5.3.19\spring-beans-5.3.19.jar;C:\Users\andre\.m2\repository\org\springframework\spring-expression\5.3.19\spring-expression-5.3.19.jar;C:\Users\andre\.m2\repository\org\springframework\data\spring-data-co
Launcher Type: SUN_STANDARD

[Global flags]
     intx CICompilerCount                          = 4                                         {product} {ergonomic}
     uint ConcGCThreads                            = 3                                         {product} {ergonomic}
     uint G1ConcRefinementThreads                  = 10                                        {product} {ergonomic}
   size_t G1HeapRegionSize                         = 1048576                                   {product} {ergonomic}
    uintx GCDrainStackTargetSize                   = 64                                        {product} {ergonomic}
   size_t InitialHeapSize                          = 234881024                                 {product} {ergonomic}
   size_t MarkStackSize                            = 4194304                                   {product} {ergonomic}
   size_t MaxHeapSize                              = 3743416320                                {product} {ergonomic}
   size_t MaxNewSize                               = 2246049792                                {product} {ergonomic}
   size_t MinHeapDeltaBytes                        = 1048576                                   {product} {ergonomic}
    uintx NonNMethodCodeHeapSize                   = 5836300                                {pd product} {ergonomic}
    uintx NonProfiledCodeHeapSize                  = 122910970                              {pd product} {ergonomic}
    uintx ProfiledCodeHeapSize                     = 122910970                              {pd product} {ergonomic}
    uintx ReservedCodeCacheSize                    = 251658240                              {pd product} {ergonomic}
     bool SegmentedCodeCache                       = true                                      {product} {ergonomic}
     bool UseCompressedClassPointers               = true                                 {lp64_product} {ergonomic}
     bool UseCompressedOops                        = true                                 {lp64_product} {ergonomic}
     bool UseG1GC                                  = true                                      {product} {ergonomic}
     bool UseLargePagesIndividualAllocation        = false                                  {pd product} {ergonomic}

Logging:
Log output configuration:
 #0: stdout all=warning uptime,level,tags
 #1: stderr all=off uptime,level,tags

Environment Variables:
JAVA_HOME=C:\Program Files\Java\jdk-11.0.14
PATH=C:\Program Files\Common Files\Oracle\Java\javapath;C:\Program Files (x86)\Common Files\Oracle\Java\javapath;C:\ProgramData\Oracle\Java\javapath;c:\program files (x86)\intel\intel(r) management engine components\icls\;c:\program files\intel\intel(r) management engine components\icls\;c:\windows\system32;c:\windows;c:\windows\system32\wbem;c:\windows\system32\windowspowershell\v1.0\;c:\windows\system32\openssh\;c:\program files\nvidia corporation\nvidia nvdlisr;c:\program files (x86)\intel\intel(r) management engine components\dal;c:\program files\intel\intel(r) management engine components\dal;C:\Program Files\Git\cmd;C:\ProgramData\chocolatey\bin;C:\Program Files\nodejs\;C:\WINDOWS\system32;C:\WINDOWS;C:\WINDOWS\System32\Wbem;C:\WINDOWS\System32\WindowsPowerShell\v1.0\;C:\WINDOWS\System32\OpenSSH\;C:\Program Files\Microsoft SQL Server\Client SDK\ODBC\170\Tools\Binn\;C:\Program Files (x86)\Microsoft SQL Server\150\Tools\Binn\;C:\Program Files\Microsoft SQL Server\150\Tools\Binn\;C:\Program Files\Microsoft SQL Server\150\DTS\Binn\;C:\Program Files (x86)\Microsoft SQL Server\150\DTS\Binn\;C:\Program Files\Azure Data Studio\bin;C:\Program Files\Java\jdk-11.0.14\bin;C:\Users\andre\AppData\Local\Programs\Python\Python39\Scripts;C:\Program Files\apache-maven-3.8.3\bin;C:\Program Files\Docker\Docker\resources\bin;C:\ProgramData\DockerDesktop\version-bin;C:\Program Files\MongoDB\Server\5.0\bin;C:\Users\andre\AppData\Local\Programs\Python\Python39\Scripts\;C:\Users\andre\AppData\Local\Programs\Python\Python39\;C:\Program Files\MySQL\MySQL Shell 8.0\bin\;C:\Users\andre\AppData\Local\Microsoft\WindowsApps;C:\Users\andre\AppData\Local\Programs\Microsoft VS Code\bin;C:\Users\andre\AppData\Roaming\npm;C:\Program Files\Azure Data Studio\bin;C:\Program Files\heroku\bin;C:\Program Files\apache-maven-3.8.3\bin;C:\Program Files\Java\jdk-11.0.14\bin;C:\Program Files\MongoDB\Server\5.0\bin;
USERNAME=andre
OS=Windows_NT
PROCESSOR_IDENTIFIER=Intel64 Family 6 Model 158 Stepping 10, GenuineIntel



---------------  S Y S T E M  ---------------

OS: Windows 10 , 64 bit Build 19041 (10.0.19041.1706)
Hyper-V role detected

CPU:total 12 (initial active 12) (6 cores per cpu, 2 threads per core) family 6 model 158 stepping 10 microcode 0xca, cmov, cx8, fxsr, mmx, sse, sse2, sse3, ssse3, sse4.1, sse4.2, popcnt, avx, avx2, aes, clmul, erms, rtm, 3dnowpref, lzcnt, ht, tsc, tscinvbit, bmi1, bmi2, adx, fma

Memory: 4k page, system-wide physical 14279M (976M free)
TotalPageFile size 24279M (AvailPageFile size 9338M)
current process WorkingSet (physical memory assigned to process): 330M, peak: 331M
current process commit charge ("private bytes"): 478M, peak: 479M

vm_info: Java HotSpot(TM) 64-Bit Server VM (11.0.14+8-LTS-263) for windows-amd64 JRE (11.0.14+8-LTS-263), built on Dec  7 2021 21:53:57 by "mach5one" with MS VC++ 15.9 (VS2017)

END.
